<?xml version="1.0" encoding="UTF-8" ?>
<testsuite tests="2" failures="0" name="opt.SimpleGradDecentTest" time="0.006" errors="0" skipped="0">
  <properties>
    <property name="idea.version" value="2022.2.3"/>
    <property name="java.runtime.name" value="OpenJDK Runtime Environment"/>
    <property name="java.vm.version" value="17.0.5+8-LTS"/>
    <property name="sun.boot.library.path" value="/Users/ashray/Library/Java/JavaVirtualMachines/azul-17.0.5/Contents/Home/lib"/>
    <property name="maven.multiModuleProjectDirectory" value="/Users/ashray/BOJACK"/>
    <property name="java.vm.vendor" value="Azul Systems, Inc."/>
    <property name="java.vendor.url" value="http://www.azul.com/"/>
    <property name="guice.disable.misplaced.annotation.check" value="true"/>
    <property name="path.separator" value=":"/>
    <property name="java.vm.name" value="OpenJDK 64-Bit Server VM"/>
    <property name="user.country" value="US"/>
    <property name="sun.java.launcher" value="SUN_STANDARD"/>
    <property name="java.vm.specification.name" value="Java Virtual Machine Specification"/>
    <property name="user.dir" value="/Users/ashray/BOJACK"/>
    <property name="java.vm.compressedOopsMode" value="Zero based"/>
    <property name="java.runtime.version" value="17.0.5+8-LTS"/>
    <property name="os.arch" value="aarch64"/>
    <property name="java.io.tmpdir" value="/var/folders/nd/3czpnnw14g5bghmx3ykf35yc0000gp/T/"/>
    <property name="line.separator" value="
"/>
    <property name="java.vm.specification.vendor" value="Oracle Corporation"/>
    <property name="os.name" value="Mac OS X"/>
    <property name="maven.ext.class.path" value="/Applications/IntelliJ IDEA.app/Contents/plugins/maven/lib/maven-event-listener.jar"/>
    <property name="classworlds.conf" value="/Applications/IntelliJ IDEA.app/Contents/plugins/maven/lib/maven3/bin/m2.conf"/>
    <property name="sun.jnu.encoding" value="UTF-8"/>
    <property name="java.library.path" value="/Users/ashray/Library/Java/Extensions:/Library/Java/Extensions:/Network/Library/Java/Extensions:/System/Library/Java/Extensions:/usr/lib/java:."/>
    <property name="maven.conf" value="/Applications/IntelliJ IDEA.app/Contents/plugins/maven/lib/maven3/conf"/>
    <property name="jdk.debug" value="release"/>
    <property name="java.class.version" value="61.0"/>
    <property name="java.specification.name" value="Java Platform API Specification"/>
    <property name="sun.management.compiler" value="HotSpot 64-Bit Tiered Compilers"/>
    <property name="os.version" value="13.0.1"/>
    <property name="http.nonProxyHosts" value="local|*.local|169.254/16|*.169.254/16"/>
    <property name="user.home" value="/Users/ashray"/>
    <property name="user.timezone" value="America/Los_Angeles"/>
    <property name="file.encoding" value="UTF-8"/>
    <property name="java.specification.version" value="17"/>
    <property name="user.name" value="ashray"/>
    <property name="java.class.path" value="/Applications/IntelliJ IDEA.app/Contents/plugins/maven/lib/maven3/boot/plexus-classworlds.license:/Applications/IntelliJ IDEA.app/Contents/plugins/maven/lib/maven3/boot/plexus-classworlds-2.6.0.jar"/>
    <property name="java.vm.specification.version" value="17"/>
    <property name="sun.arch.data.model" value="64"/>
    <property name="sun.java.command" value="org.codehaus.classworlds.Launcher -Didea.version=2022.2.3 test"/>
    <property name="java.home" value="/Users/ashray/Library/Java/JavaVirtualMachines/azul-17.0.5/Contents/Home"/>
    <property name="user.language" value="en"/>
    <property name="java.specification.vendor" value="Oracle Corporation"/>
    <property name="java.vm.info" value="mixed mode, sharing"/>
    <property name="java.version" value="17.0.5"/>
    <property name="native.encoding" value="UTF-8"/>
    <property name="java.vendor" value="Azul Systems, Inc."/>
    <property name="maven.home" value="/Applications/IntelliJ IDEA.app/Contents/plugins/maven/lib/maven3"/>
    <property name="file.separator" value="/"/>
    <property name="java.version.date" value="2022-10-18"/>
    <property name="java.vendor.url.bug" value="http://www.azul.com/support/"/>
    <property name="sun.io.unicode.encoding" value="UnicodeBig"/>
    <property name="sun.cpu.endian" value="little"/>
    <property name="java.vendor.version" value="Zulu17.38+21-CA"/>
    <property name="socksNonProxyHosts" value="local|*.local|169.254/16|*.169.254/16"/>
    <property name="ftp.nonProxyHosts" value="local|*.local|169.254/16|*.169.254/16"/>
  </properties>
  <testcase classname="opt.SimpleGradDecentTest" name="cosx_timse_siny" time="0.005"/>
  <testcase classname="opt.SimpleGradDecentTest" name="x2_times_y2" time="0.001"/>
</testsuite>